生成启动时间为 2018/3/17 18:33:43。
     1>项目“F:\github\买书问题（编程之美）\buy_book\buy_book\buy_book\buy_book.vcxproj”在节点 2 上(build 个目标)。
     1>InitializeBuildStatus:
         正在创建“Debug\buy_book.unsuccessfulbuild”，因为已指定“AlwaysCreate”。
       ClCompile:
         F:\vs2010\VC\bin\CL.exe /c /ZI /nologo /W3 /WX- /Od /Oy- /D WIN32 /D _DEBUG /D _CONSOLE /D _UNICODE /D UNICODE /Gm /EHsc /RTC1 /MDd /GS /fp:precise /Zc:wchar_t /Zc:forScope /Fo"Debug\\" /Fd"Debug\vc100.pdb" /Gd /TC /analyze- /errorReport:prompt buy_book.c
         buy_book.c
     1>f:\github\买书问题（编程之美）\buy_book\buy_book\buy_book\buy_book.c(8): warning C4996: 'scanf': This function or variable may be unsafe. Consider using scanf_s instead. To disable deprecation, use _CRT_SECURE_NO_WARNINGS. See online help for details.
                 f:\vs2010\vc\include\stdio.h(304) : 参见“scanf”的声明
     1>f:\github\买书问题（编程之美）\buy_book\buy_book\buy_book\buy_book.c(89): warning C4244: “=”: 从“double”转换到“float”，可能丢失数据
       ManifestResourceCompile:
         所有输出均为最新。
       Link:
         F:\vs2010\VC\bin\link.exe /ERRORREPORT:PROMPT /OUT:"F:\github\买书问题（编程之美）\buy_book\buy_book\Debug\buy_book.exe" /INCREMENTAL /NOLOGO kernel32.lib user32.lib gdi32.lib winspool.lib comdlg32.lib advapi32.lib shell32.lib ole32.lib oleaut32.lib uuid.lib odbc32.lib odbccp32.lib /MANIFEST /ManifestFile:"Debug\buy_book.exe.intermediate.manifest" /MANIFESTUAC:"level='asInvoker' uiAccess='false'" /DEBUG /PDB:"F:\github\买书问题（编程之美）\buy_book\buy_book\Debug\buy_book.pdb" /SUBSYSTEM:CONSOLE /TLBID:1 /DYNAMICBASE /NXCOMPAT /IMPLIB:"F:\github\买书问题（编程之美）\buy_book\buy_book\Debug\buy_book.lib" /MACHINE:X86 Debug\buy_book.exe.embed.manifest.res
         Debug\buy_book.obj
       Manifest:
         C:\Program Files (x86)\Microsoft SDKs\Windows\v7.0A\bin\mt.exe /nologo /verbose /out:"Debug\buy_book.exe.embed.manifest" /manifest Debug\buy_book.exe.intermediate.manifest
         所有输出均为最新。
       LinkEmbedManifest:
         所有输出均为最新。
         buy_book.vcxproj -> F:\github\买书问题（编程之美）\buy_book\buy_book\Debug\buy_book.exe
       FinalizeBuildStatus:
         正在删除文件“Debug\buy_book.unsuccessfulbuild”。
         正在对“Debug\buy_book.lastbuildstate”执行 Touch 任务。
     1>已完成生成项目“F:\github\买书问题（编程之美）\buy_book\buy_book\buy_book\buy_book.vcxproj”(build 个目标)的操作。

生成成功。

已用时间 00:00:01.82
